La génération a démarré 06/02/2017 13:01:20.
     1>Projet "C:\Users\¢ombre\Documents\Visual Studio 2010\Projects\Pacman\Pacman\Pacman.vcxproj" sur le nœud 2 (rebuild cible(s)).
     1>_PrepareForClean:
         Suppression du fichier "Debug\Pacman.lastbuildstate".
       InitializeBuildStatus:
         Mise à jour de l'horodatage "Debug\Pacman.unsuccessfulbuild".
       ClCompile:
         C:\Program Files (x86)\Microsoft Visual Studio 10.0\VC\bin\CL.exe /c /I"C:\Users\¢ombre\Documents\Visual Studio 2010\Projects\Libraries-SDL2\SDL2_image-2.0.0\include" /I"C:\Users\¢ombre\Documents\Visual Studio 2010\Projects\Libraries-SDL2\SDL2_mixer-2.0.0\include" /I"C:\Users\¢ombre\Documents\Visual Studio 2010\Projects\Libraries-SDL2\SDL2_ttf-2.0.12\include" /I"C:\Users\¢ombre\Documents\Visual Studio 2010\Projects\Libraries-SDL2\SDL2-2.0.3\include" /ZI /nologo /W3 /WX- /Od /Oy- /D WIN32 /D _DEBUG /D _CONSOLE /D _UNICODE /D UNICODE /Gm /EHsc /RTC1 /MDd /GS /fp:precise /Zc:wchar_t /Zc:forScope /Fo"Debug\\" /Fd"Debug\vc100.pdb" /Gd /TP /analyze- /errorReport:prompt CollisionRectangle.cpp Main.cpp Pacman.cpp SDL_Setup.cpp Sprite.cpp
         Sprite.cpp
         SDL_Setup.cpp
         Pacman.cpp
         Main.cpp
         CollisionRectangle.cpp
         Génération de code en cours...
       Link:
         C:\Program Files (x86)\Microsoft Visual Studio 10.0\VC\bin\link.exe /ERRORREPORT:PROMPT /OUT:"C:\Users\¢ombre\Documents\Visual Studio 2010\Projects\Pacman\Debug\Pacman.exe" /INCREMENTAL:NO /NOLOGO /LIBPATH:"C:\Users\¢ombre\Documents\Visual Studio 2010\Projects\Libraries-SDL2\SDL2_image-2.0.0\lib\x86" /LIBPATH:"C:\Users\¢ombre\Documents\Visual Studio 2010\Projects\Libraries-SDL2\SDL2_mixer-2.0.0\lib\x86" /LIBPATH:"C:\Users\¢ombre\Documents\Visual Studio 2010\Projects\Libraries-SDL2\SDL2_ttf-2.0.12\lib\x86" /LIBPATH:"C:\Users\¢ombre\Documents\Visual Studio 2010\Projects\Libraries-SDL2\SDL2-2.0.3\lib\x86" SDL2.lib SDL2main.lib SDL2_image.lib SDL2_ttf.lib /MANIFEST /ManifestFile:"Debug\Pacman.exe.intermediate.manifest" /MANIFESTUAC:"level='asInvoker' uiAccess='false'" /DEBUG /PDB:"C:\Users\¢ombre\Documents\Visual Studio 2010\Projects\Pacman\Debug\Pacman.pdb" /SUBSYSTEM:CONSOLE /TLBID:1 /DYNAMICBASE /NXCOMPAT /IMPLIB:"C:\Users\¢ombre\Documents\Visual Studio 2010\Projects\Pacman\Debug\Pacman.lib" /MACHINE:X86 Debug\CollisionRectangle.obj
         Debug\Main.obj
         Debug\Pacman.obj
         Debug\SDL_Setup.obj
         Debug\Sprite.obj  /ignore:4098 
     1>CollisionRectangle.obj : warning LNK4075: ' /EDITANDCONTINUE' ignoré à cause de la spécification '/INCREMENTAL:NO'
         Pacman.vcxproj -> C:\Users\¢ombre\Documents\Visual Studio 2010\Projects\Pacman\Debug\Pacman.exe
       Manifest:
         C:\Program Files (x86)\Microsoft SDKs\Windows\v7.0A\bin\mt.exe /nologo /verbose /outputresource:"C:\Users\¢ombre\Documents\Visual Studio 2010\Projects\Pacman\Debug\Pacman.exe;#1" /manifest Debug\Pacman.exe.intermediate.manifest
       FinalizeBuildStatus:
         Suppression du fichier "Debug\Pacman.unsuccessfulbuild".
         Mise à jour de l'horodatage "Debug\Pacman.lastbuildstate".
     1>Génération du projet "C:\Users\¢ombre\Documents\Visual Studio 2010\Projects\Pacman\Pacman\Pacman.vcxproj" terminée (rebuild cible(s)).

La génération a réussi.

Temps écoulé 00:00:05.64
